<?xml version="1.0" encoding="utf-8"?><testsuites name="pytest tests"><testsuite name="pytest" errors="0" failures="0" skipped="0" tests="12" time="1.202" timestamp="2026-02-05T07:19:04.128673+00:00" hostname="agent-env-4124a107-0f9b-44e9-b280-41cf54103525"><testcase classname="backend.tests.test_json_compare.TestBasicEndpoints" name="test_root_endpoint" time="0.076" /><testcase classname="backend.tests.test_json_compare.TestBasicEndpoints" name="test_config_endpoint" time="0.034" /><testcase classname="backend.tests.test_json_compare.TestFileUpload" name="test_upload_valid_json" time="0.038" /><testcase classname="backend.tests.test_json_compare.TestFileUpload" name="test_upload_invalid_json" time="0.038" /><testcase classname="backend.tests.test_json_compare.TestFileAnalysis" name="test_analyze_file" time="0.109" /><testcase classname="backend.tests.test_json_compare.TestFileAnalysis" name="test_get_tools" time="0.110" /><testcase classname="backend.tests.test_json_compare.TestComparison" name="test_compare_files" time="0.115" /><testcase classname="backend.tests.test_json_compare.TestComparison" name="test_download_excel" time="0.153" /><testcase classname="backend.tests.test_json_compare.TestShareFunctionality" name="test_share_comparison" time="0.156" /><testcase classname="backend.tests.test_json_compare.TestShareFunctionality" name="test_get_shared_comparison" time="0.190" /><testcase classname="backend.tests.test_json_compare.TestShareFunctionality" name="test_shared_comparison_not_found" time="0.037" /><testcase classname="backend.tests.test_json_compare.TestHistoryEndpoints" name="test_get_history_unauthenticated" time="0.034" /></testsuite></testsuites>